/Users/maltebar/.rvm/gems/ruby-2.2.0/gems/devise-3.5.2/lib/devise/rails/routes.rb:475:in `raise_no_secret_key': Devise.secret_key was not set. Please add the following to your Devise initializer:

  config.secret_key = '75c8c966ac19de34948c411eb83333e4041a3bada560b27a60763b9700dc95e3d1bc7d1decb5d4d8dd20c3dc56d2b3e3cf1a459232bb8dc279342f5d03a709cb'

Please ensure you restarted your application after installing Devise or setting the key.
 (RuntimeError)
	from /Users/maltebar/.rvm/gems/ruby-2.2.0/gems/devise-3.5.2/lib/devise/rails/routes.rb:209:in `devise_for'
	from /Users/maltebar/Desktop/ap/ap/config/routes.rb:21:in `block in <top (required)>'
	from /Users/maltebar/.rvm/gems/ruby-2.2.0/gems/actionpack-4.2.1/lib/action_dispatch/routing/route_set.rb:432:in `instance_exec'
	from /Users/maltebar/.rvm/gems/ruby-2.2.0/gems/actionpack-4.2.1/lib/action_dispatch/routing/route_set.rb:432:in `eval_block'
	from /Users/maltebar/.rvm/gems/ruby-2.2.0/gems/actionpack-4.2.1/lib/action_dispatch/routing/route_set.rb:410:in `draw'
	from /Users/maltebar/Desktop/ap/ap/config/routes.rb:1:in `<top (required)>'
	from /Users/maltebar/.rvm/gems/ruby-2.2.0/gems/activesupport-4.2.1/lib/active_support/dependencies.rb:268:in `load'
	from /Users/maltebar/.rvm/gems/ruby-2.2.0/gems/activesupport-4.2.1/lib/active_support/dependencies.rb:268:in `block in load'
	from /Users/maltebar/.rvm/gems/ruby-2.2.0/gems/activesupport-4.2.1/lib/active_support/dependencies.rb:240:in `load_dependency'
	from /Users/maltebar/.rvm/gems/ruby-2.2.0/gems/activesupport-4.2.1/lib/active_support/dependencies.rb:268:in `load'
	from /Users/maltebar/.rvm/gems/ruby-2.2.0/gems/railties-4.2.1/lib/rails/application/routes_reloader.rb:40:in `block in load_paths'
	from /Users/maltebar/.rvm/gems/ruby-2.2.0/gems/railties-4.2.1/lib/rails/application/routes_reloader.rb:40:in `each'
	from /Users/maltebar/.rvm/gems/ruby-2.2.0/gems/railties-4.2.1/lib/rails/application/routes_reloader.rb:40:in `load_paths'
	from /Users/maltebar/.rvm/gems/ruby-2.2.0/gems/railties-4.2.1/lib/rails/application/routes_reloader.rb:16:in `reload!'
	from /Users/maltebar/.rvm/gems/ruby-2.2.0/gems/railties-4.2.1/lib/rails/application.rb:169:in `reload_routes!'
	from /Users/maltebar/.rvm/gems/ruby-2.2.0/gems/devise-3.5.2/lib/devise/rails.rb:14:in `block in <class:Engine>'
	from /Users/maltebar/.rvm/gems/ruby-2.2.0/gems/activesupport-4.2.1/lib/active_support/lazy_load_hooks.rb:36:in `call'
	from /Users/maltebar/.rvm/gems/ruby-2.2.0/gems/activesupport-4.2.1/lib/active_support/lazy_load_hooks.rb:36:in `execute_hook'
	from /Users/maltebar/.rvm/gems/ruby-2.2.0/gems/activesupport-4.2.1/lib/active_support/lazy_load_hooks.rb:45:in `block in run_load_hooks'
	from /Users/maltebar/.rvm/gems/ruby-2.2.0/gems/activesupport-4.2.1/lib/active_support/lazy_load_hooks.rb:44:in `each'
	from /Users/maltebar/.rvm/gems/ruby-2.2.0/gems/activesupport-4.2.1/lib/active_support/lazy_load_hooks.rb:44:in `run_load_hooks'
	from /Users/maltebar/.rvm/gems/ruby-2.2.0/gems/railties-4.2.1/lib/rails/application/finisher.rb:55:in `block in <module:Finisher>'
	from /Users/maltebar/.rvm/gems/ruby-2.2.0/gems/railties-4.2.1/lib/rails/initializable.rb:30:in `instance_exec'
	from /Users/maltebar/.rvm/gems/ruby-2.2.0/gems/railties-4.2.1/lib/rails/initializable.rb:30:in `run'
	from /Users/maltebar/.rvm/gems/ruby-2.2.0/gems/railties-4.2.1/lib/rails/initializable.rb:55:in `block in run_initializers'
	from /Users/maltebar/.rvm/rubies/ruby-2.2.0/lib/ruby/2.2.0/tsort.rb:226:in `block in tsort_each'
	from /Users/maltebar/.rvm/rubies/ruby-2.2.0/lib/ruby/2.2.0/tsort.rb:348:in `block (2 levels) in each_strongly_connected_component'
	from /Users/maltebar/.rvm/rubies/ruby-2.2.0/lib/ruby/2.2.0/tsort.rb:429:in `each_strongly_connected_component_from'
	from /Users/maltebar/.rvm/rubies/ruby-2.2.0/lib/ruby/2.2.0/tsort.rb:347:in `block in each_strongly_connected_component'
	from /Users/maltebar/.rvm/rubies/ruby-2.2.0/lib/ruby/2.2.0/tsort.rb:345:in `each'
	from /Users/maltebar/.rvm/rubies/ruby-2.2.0/lib/ruby/2.2.0/tsort.rb:345:in `call'
	from /Users/maltebar/.rvm/rubies/ruby-2.2.0/lib/ruby/2.2.0/tsort.rb:345:in `each_strongly_connected_component'
	from /Users/maltebar/.rvm/rubies/ruby-2.2.0/lib/ruby/2.2.0/tsort.rb:224:in `tsort_each'
	from /Users/maltebar/.rvm/rubies/ruby-2.2.0/lib/ruby/2.2.0/tsort.rb:203:in `tsort_each'
	from /Users/maltebar/.rvm/gems/ruby-2.2.0/gems/railties-4.2.1/lib/rails/initializable.rb:54:in `run_initializers'
	from /Users/maltebar/.rvm/gems/ruby-2.2.0/gems/railties-4.2.1/lib/rails/application.rb:352:in `initialize!'
	from /Users/maltebar/Desktop/ap/ap/config/environment.rb:5:in `<top (required)>'
	from /Users/maltebar/.rvm/gems/ruby-2.2.0/gems/activesupport-4.2.1/lib/active_support/dependencies.rb:274:in `require'
	from /Users/maltebar/.rvm/gems/ruby-2.2.0/gems/activesupport-4.2.1/lib/active_support/dependencies.rb:274:in `block in require'
	from /Users/maltebar/.rvm/gems/ruby-2.2.0/gems/activesupport-4.2.1/lib/active_support/dependencies.rb:240:in `load_dependency'
	from /Users/maltebar/.rvm/gems/ruby-2.2.0/gems/activesupport-4.2.1/lib/active_support/dependencies.rb:274:in `require'
	from /Users/maltebar/.rvm/gems/ruby-2.2.0/gems/spring-1.3.6/lib/spring/application.rb:92:in `preload'
	from /Users/maltebar/.rvm/gems/ruby-2.2.0/gems/spring-1.3.6/lib/spring/application.rb:143:in `serve'
	from /Users/maltebar/.rvm/gems/ruby-2.2.0/gems/spring-1.3.6/lib/spring/application.rb:131:in `block in run'
	from /Users/maltebar/.rvm/gems/ruby-2.2.0/gems/spring-1.3.6/lib/spring/application.rb:125:in `loop'
	from /Users/maltebar/.rvm/gems/ruby-2.2.0/gems/spring-1.3.6/lib/spring/application.rb:125:in `run'
	from /Users/maltebar/.rvm/gems/ruby-2.2.0/gems/spring-1.3.6/lib/spring/application/boot.rb:18:in `<top (required)>'
	from /Users/maltebar/.rvm/rubies/ruby-2.2.0/lib/ruby/site_ruby/2.2.0/rubygems/core_ext/kernel_require.rb:54:in `require'
	from /Users/maltebar/.rvm/rubies/ruby-2.2.0/lib/ruby/site_ruby/2.2.0/rubygems/core_ext/kernel_require.rb:54:in `require'
	from -e:1:in `<main>'
